<?xml version="1.0" encoding="UTF-8"?>
<testsuite xmlns:xsi="http://www.w3.org/2001/XMLSchema-instance" xsi:noNamespaceSchemaLocation="https://maven.apache.org/surefire/maven-surefire-plugin/xsd/surefire-test-report-3.0.xsd" version="3.0" name="app.ToDoApp.ToDoAppApplicationTests" time="13.126" tests="1" errors="0" skipped="0" failures="0">
  <properties>
[...]
</properties>
  <testcase name="contextLoads" classname="app.ToDoApp.ToDoAppApplicationTests" time="0.579">
    <system-out><![CDATA[11:18:20.296 [main] INFO org.springframework.test.context.support.AnnotationConfigContextLoaderUtils -- Could not detect default configuration classes for test class [app.ToDoApp.ToDoAppApplicationTests]: ToDoAppApplicationTests does not declare any static, non-private, non-final, nested classes annotated with @Configuration.
11:18:20.387 [main] INFO org.springframework.boot.test.context.SpringBootTestContextBootstrapper -- Found @SpringBootConfiguration app.ToDoApp.ToDoAppApplication for test class app.ToDoApp.ToDoAppApplicationTests

  .   ____          _            __ _ _
 /\\ / ___'_ __ _ _(_)_ __  __ _ \ \ \ \
( ( )\___ | '_ | '_| | '_ \/ _` | \ \ \ \
 \\/  ___)| |_)| | | | | || (_| |  ) ) ) )
  '  |____| .__|_| |_|_| |_\__, | / / / /
 =========|_|==============|___/=/_/_/_/
 :: Spring Boot ::                (v3.1.3)

2024-01-20T11:18:20.838+05:30  INFO 15476 --- [           main] app.ToDoApp.ToDoAppApplicationTests      : Starting ToDoAppApplicationTests using Java 17.0.9 with PID 15476 (started by shubh in D:\Development\ToDoApp\ToDoAppSpringBoot)
2024-01-20T11:18:20.840+05:30  INFO 15476 --- [           main] app.ToDoApp.ToDoAppApplicationTests      : No active profile set, falling back to 1 default profile: "default"
2024-01-20T11:18:21.418+05:30  INFO 15476 --- [           main] .s.d.r.c.RepositoryConfigurationDelegate : Bootstrapping Spring Data JPA repositories in DEFAULT mode.
2024-01-20T11:18:21.486+05:30  INFO 15476 --- [           main] .s.d.r.c.RepositoryConfigurationDelegate : Finished Spring Data repository scanning in 56 ms. Found 1 JPA repository interfaces.
2024-01-20T11:18:21.947+05:30  INFO 15476 --- [           main] o.hibernate.jpa.internal.util.LogHelper  : HHH000204: Processing PersistenceUnitInfo [name: default]
2024-01-20T11:18:21.997+05:30  INFO 15476 --- [           main] org.hibernate.Version                    : HHH000412: Hibernate ORM core version 6.2.7.Final
2024-01-20T11:18:21.999+05:30  INFO 15476 --- [           main] org.hibernate.cfg.Environment            : HHH000406: Using bytecode reflection optimizer
2024-01-20T11:18:22.170+05:30 DEBUG 15476 --- [           main] org.hibernate.type.BasicTypeRegistry     : Adding type registration boolean -> org.hibernate.type.BasicTypeReference@36224f93
2024-01-20T11:18:22.170+05:30 DEBUG 15476 --- [           main] org.hibernate.type.BasicTypeRegistry     : Adding type registration boolean -> org.hibernate.type.BasicTypeReference@36224f93
2024-01-20T11:18:22.171+05:30 DEBUG 15476 --- [           main] org.hibernate.type.BasicTypeRegistry     : Adding type registration java.lang.Boolean -> org.hibernate.type.BasicTypeReference@36224f93
2024-01-20T11:18:22.171+05:30 DEBUG 15476 --- [           main] org.hibernate.type.BasicTypeRegistry     : Adding type registration numeric_boolean -> org.hibernate.type.BasicTypeReference@1ee5632d
2024-01-20T11:18:22.171+05:30 DEBUG 15476 --- [           main] org.hibernate.type.BasicTypeRegistry     : Adding type registration org.hibernate.type.NumericBooleanConverter -> org.hibernate.type.BasicTypeReference@1ee5632d
2024-01-20T11:18:22.171+05:30 DEBUG 15476 --- [           main] org.hibernate.type.BasicTypeRegistry     : Adding type registration true_false -> org.hibernate.type.BasicTypeReference@52a7928a
2024-01-20T11:18:22.171+05:30 DEBUG 15476 --- [           main] org.hibernate.type.BasicTypeRegistry     : Adding type registration org.hibernate.type.TrueFalseConverter -> org.hibernate.type.BasicTypeReference@52a7928a
2024-01-20T11:18:22.171+05:30 DEBUG 15476 --- [           main] org.hibernate.type.BasicTypeRegistry     : Adding type registration yes_no -> org.hibernate.type.BasicTypeReference@563ccd31
2024-01-20T11:18:22.171+05:30 DEBUG 15476 --- [           main] org.hibernate.type.BasicTypeRegistry     : Adding type registration org.hibernate.type.YesNoConverter -> org.hibernate.type.BasicTypeReference@563ccd31
2024-01-20T11:18:22.171+05:30 DEBUG 15476 --- [           main] org.hibernate.type.BasicTypeRegistry     : Adding type registration byte -> org.hibernate.type.BasicTypeReference@72465eb2
2024-01-20T11:18:22.171+05:30 DEBUG 15476 --- [           main] org.hibernate.type.BasicTypeRegistry     : Adding type registration byte -> org.hibernate.type.BasicTypeReference@72465eb2
2024-01-20T11:18:22.171+05:30 DEBUG 15476 --- [           main] org.hibernate.type.BasicTypeRegistry     : Adding type registration java.lang.Byte -> org.hibernate.type.BasicTypeReference@72465eb2
2024-01-20T11:18:22.172+05:30 DEBUG 15476 --- [           main] org.hibernate.type.BasicTypeRegistry     : Adding type registration binary -> org.hibernate.type.BasicTypeReference@478fb7dc
2024-01-20T11:18:22.172+05:30 DEBUG 15476 --- [           main] org.hibernate.type.BasicTypeRegistry     : Adding type registration byte[] -> org.hibernate.type.BasicTypeReference@478fb7dc
2024-01-20T11:18:22.172+05:30 DEBUG 15476 --- [           main] org.hibernate.type.BasicTypeRegistry     : Adding type registration [B -> org.hibernate.type.BasicTypeReference@478fb7dc
2024-01-20T11:18:22.172+05:30 DEBUG 15476 --- [           main] org.hibernate.type.BasicTypeRegistry     : Adding type registration binary_wrapper -> org.hibernate.type.BasicTypeReference@59c43561
2024-01-20T11:18:22.172+05:30 DEBUG 15476 --- [           main] org.hibernate.type.BasicTypeRegistry     : Adding type registration wrapper-binary -> org.hibernate.type.BasicTypeReference@59c43561
2024-01-20T11:18:22.172+05:30 DEBUG 15476 --- [           main] org.hibernate.type.BasicTypeRegistry     : Adding type registration image -> org.hibernate.type.BasicTypeReference@634f58d2
2024-01-20T11:18:22.172+05:30 DEBUG 15476 --- [           main] org.hibernate.type.BasicTypeRegistry     : Adding type registration blob -> org.hibernate.type.BasicTypeReference@585513a8
2024-01-20T11:18:22.172+05:30 DEBUG 15476 --- [           main] org.hibernate.type.BasicTypeRegistry     : Adding type registration java.sql.Blob -> org.hibernate.type.BasicTypeReference@585513a8
2024-01-20T11:18:22.172+05:30 DEBUG 15476 --- [           main] org.hibernate.type.BasicTypeRegistry     : Adding type registration materialized_blob -> org.hibernate.type.BasicTypeReference@7b18658a
2024-01-20T11:18:22.172+05:30 DEBUG 15476 --- [           main] org.hibernate.type.BasicTypeRegistry     : Adding type registration materialized_blob_wrapper -> org.hibernate.type.BasicTypeReference@30f28b5
2024-01-20T11:18:22.173+05:30 DEBUG 15476 --- [           main] org.hibernate.type.BasicTypeRegistry     : Adding type registration short -> org.hibernate.type.BasicTypeReference@1a1f79ce
2024-01-20T11:18:22.173+05:30 DEBUG 15476 --- [           main] org.hibernate.type.BasicTypeRegistry     : Adding type registration short -> org.hibernate.type.BasicTypeReference@1a1f79ce
2024-01-20T11:18:22.173+05:30 DEBUG 15476 --- [           main] org.hibernate.type.BasicTypeRegistry     : Adding type registration java.lang.Short -> org.hibernate.type.BasicTypeReference@1a1f79ce
2024-01-20T11:18:22.173+05:30 DEBUG 15476 --- [           main] org.hibernate.type.BasicTypeRegistry     : Adding type registration integer -> org.hibernate.type.BasicTypeReference@6aa7e176
2024-01-20T11:18:22.173+05:30 DEBUG 15476 --- [           main] org.hibernate.type.BasicTypeRegistry     : Adding type registration int -> org.hibernate.type.BasicTypeReference@6aa7e176
2024-01-20T11:18:22.173+05:30 DEBUG 15476 --- [           main] org.hibernate.type.BasicTypeRegistry     : Adding type registration java.lang.Integer -> org.hibernate.type.BasicTypeReference@6aa7e176
2024-01-20T11:18:22.173+05:30 DEBUG 15476 --- [           main] org.hibernate.type.BasicTypeRegistry     : Adding type registration long -> org.hibernate.type.BasicTypeReference@52abed9d
2024-01-20T11:18:22.173+05:30 DEBUG 15476 --- [           main] org.hibernate.type.BasicTypeRegistry     : Adding type registration long -> org.hibernate.type.BasicTypeReference@52abed9d
2024-01-20T11:18:22.173+05:30 DEBUG 15476 --- [           main] org.hibernate.type.BasicTypeRegistry     : Adding type registration java.lang.Long -> org.hibernate.type.BasicTypeReference@52abed9d
2024-01-20T11:18:22.173+05:30 DEBUG 15476 --- [           main] org.hibernate.type.BasicTypeRegistry     : Adding type registration float -> org.hibernate.type.BasicTypeReference@281b2dfd
2024-01-20T11:18:22.173+05:30 DEBUG 15476 --- [           main] org.hibernate.type.BasicTypeRegistry     : Adding type registration float -> org.hibernate.type.BasicTypeReference@281b2dfd
2024-01-20T11:18:22.173+05:30 DEBUG 15476 --- [           main] org.hibernate.type.BasicTypeRegistry     : Adding type registration java.lang.Float -> org.hibernate.type.BasicTypeReference@281b2dfd
2024-01-20T11:18:22.174+05:30 DEBUG 15476 --- [           main] org.hibernate.type.BasicTypeRegistry     : Adding type registration double -> org.hibernate.type.BasicTypeReference@492be039
2024-01-20T11:18:22.174+05:30 DEBUG 15476 --- [           main] org.hibernate.type.BasicTypeRegistry     : Adding type registration double -> org.hibernate.type.BasicTypeReference@492be039
2024-01-20T11:18:22.174+05:30 DEBUG 15476 --- [           main] org.hibernate.type.BasicTypeRegistry     : Adding type registration java.lang.Double -> org.hibernate.type.BasicTypeReference@492be039
2024-01-20T11:18:22.174+05:30 DEBUG 15476 --- [           main] org.hibernate.type.BasicTypeRegistry     : Adding type registration big_integer -> org.hibernate.type.BasicTypeReference@1cd2143b
2024-01-20T11:18:22.174+05:30 DEBUG 15476 --- [           main] org.hibernate.type.BasicTypeRegistry     : Adding type registration java.math.BigInteger -> org.hibernate.type.BasicTypeReference@1cd2143b
2024-01-20T11:18:22.174+05:30 DEBUG 15476 --- [           main] org.hibernate.type.BasicTypeRegistry     : Adding type registration big_decimal -> org.hibernate.type.BasicTypeReference@1118d539
2024-01-20T11:18:22.174+05:30 DEBUG 15476 --- [           main] org.hibernate.type.BasicTypeRegistry     : Adding type registration java.math.BigDecimal -> org.hibernate.type.BasicTypeReference@1118d539
2024-01-20T11:18:22.174+05:30 DEBUG 15476 --- [           main] org.hibernate.type.BasicTypeRegistry     : Adding type registration character -> org.hibernate.type.BasicTypeReference@601d6622
2024-01-20T11:18:22.174+05:30 DEBUG 15476 --- [           main] org.hibernate.type.BasicTypeRegistry     : Adding type registration char -> org.hibernate.type.BasicTypeReference@601d6622
2024-01-20T11:18:22.174+05:30 DEBUG 15476 --- [           main] org.hibernate.type.BasicTypeRegistry     : Adding type registration java.lang.Character -> org.hibernate.type.BasicTypeReference@601d6622
2024-01-20T11:18:22.174+05:30 DEBUG 15476 --- [           main] org.hibernate.type.BasicTypeRegistry     : Adding type registration character_nchar -> org.hibernate.type.BasicTypeReference@76216830
2024-01-20T11:18:22.174+05:30 DEBUG 15476 --- [           main] org.hibernate.type.BasicTypeRegistry     : Adding type registration string -> org.hibernate.type.BasicTypeReference@7aded903
2024-01-20T11:18:22.174+05:30 DEBUG 15476 --- [           main] org.hibernate.type.BasicTypeRegistry     : Adding type registration java.lang.String -> org.hibernate.type.BasicTypeReference@7aded903
2024-01-20T11:18:22.174+05:30 DEBUG 15476 --- [           main] org.hibernate.type.BasicTypeRegistry     : Adding type registration nstring -> org.hibernate.type.BasicTypeReference@2db86a7c
2024-01-20T11:18:22.175+05:30 DEBUG 15476 --- [           main] org.hibernate.type.BasicTypeRegistry     : Adding type registration characters -> org.hibernate.type.BasicTypeReference@261f359f
2024-01-20T11:18:22.175+05:30 DEBUG 15476 --- [           main] org.hibernate.type.BasicTypeRegistry     : Adding type registration char[] -> org.hibernate.type.BasicTypeReference@261f359f
2024-01-20T11:18:22.175+05:30 DEBUG 15476 --- [           main] org.hibernate.type.BasicTypeRegistry     : Adding type registration [C -> org.hibernate.type.BasicTypeReference@261f359f
2024-01-20T11:18:22.175+05:30 DEBUG 15476 --- [           main] org.hibernate.type.BasicTypeRegistry     : Adding type registration wrapper-characters -> org.hibernate.type.BasicTypeReference@5b02a984
2024-01-20T11:18:22.175+05:30 DEBUG 15476 --- [           main] org.hibernate.type.BasicTypeRegistry     : Adding type registration text -> org.hibernate.type.BasicTypeReference@57186526
2024-01-20T11:18:22.175+05:30 DEBUG 15476 --- [           main] org.hibernate.type.BasicTypeRegistry     : Adding type registration ntext -> org.hibernate.type.BasicTypeReference@391d1e33
2024-01-20T11:18:22.175+05:30 DEBUG 15476 --- [           main] org.hibernate.type.BasicTypeRegistry     : Adding type registration clob -> org.hibernate.type.BasicTypeReference@66f16742
2024-01-20T11:18:22.175+05:30 DEBUG 15476 --- [           main] org.hibernate.type.BasicTypeRegistry     : Adding type registration java.sql.Clob -> org.hibernate.type.BasicTypeReference@66f16742
2024-01-20T11:18:22.175+05:30 DEBUG 15476 --- [           main] org.hibernate.type.BasicTypeRegistry     : Adding type registration nclob -> org.hibernate.type.BasicTypeReference@2871ac91
2024-01-20T11:18:22.175+05:30 DEBUG 15476 --- [           main] org.hibernate.type.BasicTypeRegistry     : Adding type registration java.sql.NClob -> org.hibernate.type.BasicTypeReference@2871ac91
2024-01-20T11:18:22.175+05:30 DEBUG 15476 --- [           main] org.hibernate.type.BasicTypeRegistry     : Adding type registration materialized_clob -> org.hibernate.type.BasicTypeReference@3c54ddec
2024-01-20T11:18:22.175+05:30 DEBUG 15476 --- [           main] org.hibernate.type.BasicTypeRegistry     : Adding type registration materialized_clob_char_array -> org.hibernate.type.BasicTypeReference@6d69a0d3
2024-01-20T11:18:22.175+05:30 DEBUG 15476 --- [           main] org.hibernate.type.BasicTypeRegistry     : Adding type registration materialized_clob_character_array -> org.hibernate.type.BasicTypeReference@4f114b
2024-01-20T11:18:22.175+05:30 DEBUG 15476 --- [           main] org.hibernate.type.BasicTypeRegistry     : Adding type registration materialized_nclob -> org.hibernate.type.BasicTypeReference@257f30f7
2024-01-20T11:18:22.176+05:30 DEBUG 15476 --- [           main] org.hibernate.type.BasicTypeRegistry     : Adding type registration materialized_nclob_character_array -> org.hibernate.type.BasicTypeReference@3fde2209
2024-01-20T11:18:22.176+05:30 DEBUG 15476 --- [           main] org.hibernate.type.BasicTypeRegistry     : Adding type registration materialized_nclob_char_array -> org.hibernate.type.BasicTypeReference@1f916219
2024-01-20T11:18:22.176+05:30 DEBUG 15476 --- [           main] org.hibernate.type.BasicTypeRegistry     : Adding type registration Duration -> org.hibernate.type.BasicTypeReference@67acfde9
2024-01-20T11:18:22.176+05:30 DEBUG 15476 --- [           main] org.hibernate.type.BasicTypeRegistry     : Adding type registration java.time.Duration -> org.hibernate.type.BasicTypeReference@67acfde9
2024-01-20T11:18:22.176+05:30 DEBUG 15476 --- [           main] org.hibernate.type.BasicTypeRegistry     : Adding type registration LocalDateTime -> org.hibernate.type.BasicTypeReference@3b088163
2024-01-20T11:18:22.176+05:30 DEBUG 15476 --- [           main] org.hibernate.type.BasicTypeRegistry     : Adding type registration java.time.LocalDateTime -> org.hibernate.type.BasicTypeReference@3b088163
2024-01-20T11:18:22.176+05:30 DEBUG 15476 --- [           main] org.hibernate.type.BasicTypeRegistry     : Adding type registration LocalDate -> org.hibernate.type.BasicTypeReference@75882261
2024-01-20T11:18:22.176+05:30 DEBUG 15476 --- [           main] org.hibernate.type.BasicTypeRegistry     : Adding type registration java.time.LocalDate -> org.hibernate.type.BasicTypeReference@75882261
2024-01-20T11:18:22.176+05:30 DEBUG 15476 --- [           main] org.hibernate.type.BasicTypeRegistry     : Adding type registration LocalTime -> org.hibernate.type.BasicTypeReference@611d0763
2024-01-20T11:18:22.176+05:30 DEBUG 15476 --- [           main] org.hibernate.type.BasicTypeRegistry     : Adding type registration java.time.LocalTime -> org.hibernate.type.BasicTypeReference@611d0763
2024-01-20T11:18:22.176+05:30 DEBUG 15476 --- [           main] org.hibernate.type.BasicTypeRegistry     : Adding type registration OffsetDateTime -> org.hibernate.type.BasicTypeReference@615efd1c
2024-01-20T11:18:22.176+05:30 DEBUG 15476 --- [           main] org.hibernate.type.BasicTypeRegistry     : Adding type registration java.time.OffsetDateTime -> org.hibernate.type.BasicTypeReference@615efd1c
2024-01-20T11:18:22.176+05:30 DEBUG 15476 --- [           main] org.hibernate.type.BasicTypeRegistry     : Adding type registration OffsetDateTimeWithTimezone -> org.hibernate.type.BasicTypeReference@1e226bcd
2024-01-20T11:18:22.176+05:30 DEBUG 15476 --- [           main] org.hibernate.type.BasicTypeRegistry     : Adding type registration OffsetDateTimeWithoutTimezone -> org.hibernate.type.BasicTypeReference@2a8dd942
2024-01-20T11:18:22.177+05:30 DEBUG 15476 --- [           main] org.hibernate.type.BasicTypeRegistry     : Adding type registration OffsetTime -> org.hibernate.type.BasicTypeReference@2322e56f
2024-01-20T11:18:22.177+05:30 DEBUG 15476 --- [           main] org.hibernate.type.BasicTypeRegistry     : Adding type registration java.time.OffsetTime -> org.hibernate.type.BasicTypeReference@2322e56f
2024-01-20T11:18:22.177+05:30 DEBUG 15476 --- [           main] org.hibernate.type.BasicTypeRegistry     : Adding type registration OffsetTimeUtc -> org.hibernate.type.BasicTypeReference@35025a0a
2024-01-20T11:18:22.177+05:30 DEBUG 15476 --- [           main] org.hibernate.type.BasicTypeRegistry     : Adding type registration OffsetTimeWithTimezone -> org.hibernate.type.BasicTypeReference@38732364
2024-01-20T11:18:22.177+05:30 DEBUG 15476 --- [           main] org.hibernate.type.BasicTypeRegistry     : Adding type registration OffsetTimeWithoutTimezone -> org.hibernate.type.BasicTypeReference@7c70aae1
2024-01-20T11:18:22.177+05:30 DEBUG 15476 --- [           main] org.hibernate.type.BasicTypeRegistry     : Adding type registration ZonedDateTime -> org.hibernate.type.BasicTypeReference@48cd319d
2024-01-20T11:18:22.177+05:30 DEBUG 15476 --- [           main] org.hibernate.type.BasicTypeRegistry     : Adding type registration java.time.ZonedDateTime -> org.hibernate.type.BasicTypeReference@48cd319d
2024-01-20T11:18:22.177+05:30 DEBUG 15476 --- [           main] org.hibernate.type.BasicTypeRegistry     : Adding type registration ZonedDateTimeWithTimezone -> org.hibernate.type.BasicTypeReference@6f38f084
2024-01-20T11:18:22.177+05:30 DEBUG 15476 --- [           main] org.hibernate.type.BasicTypeRegistry     : Adding type registration ZonedDateTimeWithoutTimezone -> org.hibernate.type.BasicTypeReference@4ef18604
2024-01-20T11:18:22.177+05:30 DEBUG 15476 --- [           main] org.hibernate.type.BasicTypeRegistry     : Adding type registration date -> org.hibernate.type.BasicTypeReference@372f0a99
2024-01-20T11:18:22.177+05:30 DEBUG 15476 --- [           main] org.hibernate.type.BasicTypeRegistry     : Adding type registration java.sql.Date -> org.hibernate.type.BasicTypeReference@372f0a99
2024-01-20T11:18:22.177+05:30 DEBUG 15476 --- [           main] org.hibernate.type.BasicTypeRegistry     : Adding type registration time -> org.hibernate.type.BasicTypeReference@16cf8438
2024-01-20T11:18:22.177+05:30 DEBUG 15476 --- [           main] org.hibernate.type.BasicTypeRegistry     : Adding type registration java.sql.Time -> org.hibernate.type.BasicTypeReference@16cf8438
2024-01-20T11:18:22.177+05:30 DEBUG 15476 --- [           main] org.hibernate.type.BasicTypeRegistry     : Adding type registration timestamp -> org.hibernate.type.BasicTypeReference@3e5beab5
2024-01-20T11:18:22.177+05:30 DEBUG 15476 --- [           main] org.hibernate.type.BasicTypeRegistry     : Adding type registration java.sql.Timestamp -> org.hibernate.type.BasicTypeReference@3e5beab5
2024-01-20T11:18:22.177+05:30 DEBUG 15476 --- [           main] org.hibernate.type.BasicTypeRegistry     : Adding type registration java.util.Date -> org.hibernate.type.BasicTypeReference@3e5beab5
2024-01-20T11:18:22.177+05:30 DEBUG 15476 --- [           main] org.hibernate.type.BasicTypeRegistry     : Adding type registration calendar -> org.hibernate.type.BasicTypeReference@7c588adc
2024-01-20T11:18:22.177+05:30 DEBUG 15476 --- [           main] org.hibernate.type.BasicTypeRegistry     : Adding type registration java.util.Calendar -> org.hibernate.type.BasicTypeReference@7c588adc
2024-01-20T11:18:22.178+05:30 DEBUG 15476 --- [           main] org.hibernate.type.BasicTypeRegistry     : Adding type registration java.util.GregorianCalendar -> org.hibernate.type.BasicTypeReference@7c588adc
2024-01-20T11:18:22.178+05:30 DEBUG 15476 --- [           main] org.hibernate.type.BasicTypeRegistry     : Adding type registration calendar_date -> org.hibernate.type.BasicTypeReference@33ec2c0c
2024-01-20T11:18:22.178+05:30 DEBUG 15476 --- [           main] org.hibernate.type.BasicTypeRegistry     : Adding type registration calendar_time -> org.hibernate.type.BasicTypeReference@5968800d
2024-01-20T11:18:22.178+05:30 DEBUG 15476 --- [           main] org.hibernate.type.BasicTypeRegistry     : Adding type registration instant -> org.hibernate.type.BasicTypeReference@3887c7d7
2024-01-20T11:18:22.178+05:30 DEBUG 15476 --- [           main] org.hibernate.type.BasicTypeRegistry     : Adding type registration java.time.Instant -> org.hibernate.type.BasicTypeReference@3887c7d7
2024-01-20T11:18:22.178+05:30 DEBUG 15476 --- [           main] org.hibernate.type.BasicTypeRegistry     : Adding type registration uuid -> org.hibernate.type.BasicTypeReference@b1b471
2024-01-20T11:18:22.178+05:30 DEBUG 15476 --- [           main] org.hibernate.type.BasicTypeRegistry     : Adding type registration java.util.UUID -> org.hibernate.type.BasicTypeReference@b1b471
2024-01-20T11:18:22.178+05:30 DEBUG 15476 --- [           main] org.hibernate.type.BasicTypeRegistry     : Adding type registration pg-uuid -> org.hibernate.type.BasicTypeReference@b1b471
2024-01-20T11:18:22.178+05:30 DEBUG 15476 --- [           main] org.hibernate.type.BasicTypeRegistry     : Adding type registration uuid-binary -> org.hibernate.type.BasicTypeReference@526f6427
2024-01-20T11:18:22.178+05:30 DEBUG 15476 --- [           main] org.hibernate.type.BasicTypeRegistry     : Adding type registration uuid-char -> org.hibernate.type.BasicTypeReference@4f1afe8f
2024-01-20T11:18:22.178+05:30 DEBUG 15476 --- [           main] org.hibernate.type.BasicTypeRegistry     : Adding type registration class -> org.hibernate.type.BasicTypeReference@492521c4
2024-01-20T11:18:22.178+05:30 DEBUG 15476 --- [           main] org.hibernate.type.BasicTypeRegistry     : Adding type registration java.lang.Class -> org.hibernate.type.BasicTypeReference@492521c4
2024-01-20T11:18:22.178+05:30 DEBUG 15476 --- [           main] org.hibernate.type.BasicTypeRegistry     : Adding type registration currency -> org.hibernate.type.BasicTypeReference@443a06ad
2024-01-20T11:18:22.178+05:30 DEBUG 15476 --- [           main] org.hibernate.type.BasicTypeRegistry     : Adding type registration Currency -> org.hibernate.type.BasicTypeReference@443a06ad
2024-01-20T11:18:22.178+05:30 DEBUG 15476 --- [           main] org.hibernate.type.BasicTypeRegistry     : Adding type registration java.util.Currency -> org.hibernate.type.BasicTypeReference@443a06ad
2024-01-20T11:18:22.178+05:30 DEBUG 15476 --- [           main] org.hibernate.type.BasicTypeRegistry     : Adding type registration locale -> org.hibernate.type.BasicTypeReference@6ddd1c51
2024-01-20T11:18:22.178+05:30 DEBUG 15476 --- [           main] org.hibernate.type.BasicTypeRegistry     : Adding type registration java.util.Locale -> org.hibernate.type.BasicTypeReference@6ddd1c51
2024-01-20T11:18:22.179+05:30 DEBUG 15476 --- [           main] org.hibernate.type.BasicTypeRegistry     : Adding type registration serializable -> org.hibernate.type.BasicTypeReference@752b69e3
2024-01-20T11:18:22.179+05:30 DEBUG 15476 --- [           main] org.hibernate.type.BasicTypeRegistry     : Adding type registration java.io.Serializable -> org.hibernate.type.BasicTypeReference@752b69e3
2024-01-20T11:18:22.179+05:30 DEBUG 15476 --- [           main] org.hibernate.type.BasicTypeRegistry     : Adding type registration timezone -> org.hibernate.type.BasicTypeReference@15605d83
2024-01-20T11:18:22.179+05:30 DEBUG 15476 --- [           main] org.hibernate.type.BasicTypeRegistry     : Adding type registration java.util.TimeZone -> org.hibernate.type.BasicTypeReference@15605d83
2024-01-20T11:18:22.179+05:30 DEBUG 15476 --- [           main] org.hibernate.type.BasicTypeRegistry     : Adding type registration ZoneOffset -> org.hibernate.type.BasicTypeReference@1fb2eec
2024-01-20T11:18:22.179+05:30 DEBUG 15476 --- [           main] org.hibernate.type.BasicTypeRegistry     : Adding type registration java.time.ZoneOffset -> org.hibernate.type.BasicTypeReference@1fb2eec
2024-01-20T11:18:22.179+05:30 DEBUG 15476 --- [           main] org.hibernate.type.BasicTypeRegistry     : Adding type registration url -> org.hibernate.type.BasicTypeReference@4c18516
2024-01-20T11:18:22.179+05:30 DEBUG 15476 --- [           main] org.hibernate.type.BasicTypeRegistry     : Adding type registration java.net.URL -> org.hibernate.type.BasicTypeReference@4c18516
2024-01-20T11:18:22.179+05:30 DEBUG 15476 --- [           main] org.hibernate.type.BasicTypeRegistry     : Adding type registration row_version -> org.hibernate.type.BasicTypeReference@2a0b901c
2024-01-20T11:18:22.183+05:30 DEBUG 15476 --- [           main] org.hibernate.type.BasicTypeRegistry     : Adding type registration object -> org.hibernate.type.JavaObjectType@367d34c0
2024-01-20T11:18:22.183+05:30 DEBUG 15476 --- [           main] org.hibernate.type.BasicTypeRegistry     : Adding type registration java.lang.Object -> org.hibernate.type.JavaObjectType@367d34c0
2024-01-20T11:18:22.184+05:30 DEBUG 15476 --- [           main] org.hibernate.type.BasicTypeRegistry     : Adding type registration null -> org.hibernate.type.NullType@16d431b4
2024-01-20T11:18:22.184+05:30 DEBUG 15476 --- [           main] org.hibernate.type.BasicTypeRegistry     : Adding type registration imm_date -> org.hibernate.type.BasicTypeReference@6c0b51da
2024-01-20T11:18:22.184+05:30 DEBUG 15476 --- [           main] org.hibernate.type.BasicTypeRegistry     : Adding type registration imm_time -> org.hibernate.type.BasicTypeReference@7558633
2024-01-20T11:18:22.184+05:30 DEBUG 15476 --- [           main] org.hibernate.type.BasicTypeRegistry     : Adding type registration imm_timestamp -> org.hibernate.type.BasicTypeReference@5657967b
2024-01-20T11:18:22.184+05:30 DEBUG 15476 --- [           main] org.hibernate.type.BasicTypeRegistry     : Adding type registration imm_calendar -> org.hibernate.type.BasicTypeReference@61394494
2024-01-20T11:18:22.184+05:30 DEBUG 15476 --- [           main] org.hibernate.type.BasicTypeRegistry     : Adding type registration imm_calendar_date -> org.hibernate.type.BasicTypeReference@578a5ce8
2024-01-20T11:18:22.184+05:30 DEBUG 15476 --- [           main] org.hibernate.type.BasicTypeRegistry     : Adding type registration imm_calendar_time -> org.hibernate.type.BasicTypeReference@7c453c34
2024-01-20T11:18:22.184+05:30 DEBUG 15476 --- [           main] org.hibernate.type.BasicTypeRegistry     : Adding type registration imm_binary -> org.hibernate.type.BasicTypeReference@16cb9989
2024-01-20T11:18:22.184+05:30 DEBUG 15476 --- [           main] org.hibernate.type.BasicTypeRegistry     : Adding type registration imm_serializable -> org.hibernate.type.BasicTypeReference@3dfd6220
2024-01-20T11:18:22.200+05:30  INFO 15476 --- [           main] o.h.b.i.BytecodeProviderInitiator        : HHH000021: Bytecode provider name : bytebuddy
2024-01-20T11:18:22.326+05:30  INFO 15476 --- [           main] o.s.o.j.p.SpringPersistenceUnitInfo      : No LoadTimeWeaver setup: ignoring JPA class transformer
2024-01-20T11:18:22.348+05:30  INFO 15476 --- [           main] com.zaxxer.hikari.HikariDataSource       : HikariPool-1 - Starting...
2024-01-20T11:18:25.428+05:30  INFO 15476 --- [           main] com.zaxxer.hikari.pool.HikariPool        : HikariPool-1 - Added connection com.mysql.cj.jdbc.ConnectionImpl@6fbe4800
2024-01-20T11:18:25.432+05:30  INFO 15476 --- [           main] com.zaxxer.hikari.HikariDataSource       : HikariPool-1 - Start completed.
2024-01-20T11:18:25.723+05:30  WARN 15476 --- [           main] org.hibernate.dialect.Dialect            : HHH000511: The 5.5.0 version for [org.hibernate.dialect.MySQLDialect] is no longer supported, hence certain features may not work properly. The minimum supported version is 5.7.0. Check the community dialects project for available legacy versions.
2024-01-20T11:18:25.748+05:30 DEBUG 15476 --- [           main] o.h.t.d.sql.spi.DdlTypeRegistry          : addDescriptor(12, org.hibernate.type.descriptor.sql.internal.CapacityDependentDdlType@48af5f38) replaced previous registration(org.hibernate.type.descriptor.sql.internal.CapacityDependentDdlType@40538370)
2024-01-20T11:18:25.748+05:30 DEBUG 15476 --- [           main] o.h.t.d.sql.spi.DdlTypeRegistry          : addDescriptor(-9, org.hibernate.type.descriptor.sql.internal.CapacityDependentDdlType@71a2df1) replaced previous registration(org.hibernate.type.descriptor.sql.internal.CapacityDependentDdlType@18faaff6)
2024-01-20T11:18:25.748+05:30 DEBUG 15476 --- [           main] o.h.t.d.sql.spi.DdlTypeRegistry          : addDescriptor(-3, org.hibernate.type.descriptor.sql.internal.CapacityDependentDdlType@2a9e754e) replaced previous registration(org.hibernate.type.descriptor.sql.internal.CapacityDependentDdlType@760a2b6e)
2024-01-20T11:18:25.749+05:30 DEBUG 15476 --- [           main] o.h.t.d.sql.spi.DdlTypeRegistry          : addDescriptor(4003, org.hibernate.type.descriptor.sql.internal.DdlTypeImpl@20a9f5fb) replaced previous registration(org.hibernate.type.descriptor.sql.internal.DdlTypeImpl@6d617b07)
2024-01-20T11:18:25.749+05:30 DEBUG 15476 --- [           main] o.h.t.d.sql.spi.DdlTypeRegistry          : addDescriptor(4001, org.hibernate.type.descriptor.sql.internal.DdlTypeImpl@340c57e0) replaced previous registration(org.hibernate.type.descriptor.sql.internal.DdlTypeImpl@137a4b54)
2024-01-20T11:18:25.749+05:30 DEBUG 15476 --- [           main] o.h.t.d.sql.spi.DdlTypeRegistry          : addDescriptor(4002, org.hibernate.type.descriptor.sql.internal.DdlTypeImpl@7c9372ed) replaced previous registration(org.hibernate.type.descriptor.sql.internal.DdlTypeImpl@1acc873b)
2024-01-20T11:18:25.749+05:30 DEBUG 15476 --- [           main] o.h.t.d.sql.spi.DdlTypeRegistry          : addDescriptor(2004, org.hibernate.type.descriptor.sql.internal.CapacityDependentDdlType@4ca970d5) replaced previous registration(org.hibernate.type.descriptor.sql.internal.DdlTypeImpl@dc8b2ff)
2024-01-20T11:18:25.749+05:30 DEBUG 15476 --- [           main] o.h.t.d.sql.spi.DdlTypeRegistry          : addDescriptor(2005, org.hibernate.type.descriptor.sql.internal.CapacityDependentDdlType@6a2badb1) replaced previous registration(org.hibernate.type.descriptor.sql.internal.DdlTypeImpl@14201a90)
2024-01-20T11:18:25.749+05:30 DEBUG 15476 --- [           main] o.h.t.d.sql.spi.DdlTypeRegistry          : addDescriptor(2011, org.hibernate.type.descriptor.sql.internal.CapacityDependentDdlType@1308ef19) replaced previous registration(org.hibernate.type.descriptor.sql.internal.DdlTypeImpl@5b1ff8cd)
2024-01-20T11:18:25.750+05:30 DEBUG 15476 --- [           main] o.h.t.d.jdbc.spi.JdbcTypeRegistry        : addDescriptor(NCharTypeDescriptor) replaced previous registration(CharTypeDescriptor)
2024-01-20T11:18:25.750+05:30 DEBUG 15476 --- [           main] o.h.t.d.jdbc.spi.JdbcTypeRegistry        : addDescriptor(NVarcharTypeDescriptor) replaced previous registration(VarcharTypeDescriptor)
2024-01-20T11:18:25.751+05:30 DEBUG 15476 --- [           main] o.h.t.d.jdbc.spi.JdbcTypeRegistry        : addDescriptor(LongNVarcharTypeDescriptor) replaced previous registration(LongVarcharTypeDescriptor)
2024-01-20T11:18:25.752+05:30 DEBUG 15476 --- [           main] o.h.t.d.jdbc.spi.JdbcTypeRegistry        : addDescriptor(NClobTypeDescriptor(DEFAULT)) replaced previous registration(ClobTypeDescriptor(DEFAULT))
2024-01-20T11:18:25.753+05:30 DEBUG 15476 --- [           main] o.h.t.d.jdbc.spi.JdbcTypeRegistry        : addDescriptor(2005, ClobTypeDescriptor(STREAM_BINDING)) replaced previous registration(ClobTypeDescriptor(DEFAULT))
2024-01-20T11:18:25.754+05:30 DEBUG 15476 --- [           main] org.hibernate.type.BasicTypeRegistry     : Adding type registration null -> org.hibernate.type.NullType@27dfd12b
2024-01-20T11:18:25.755+05:30 DEBUG 15476 --- [           main] org.hibernate.type.BasicTypeRegistry     : Type registration key [null] overrode previous entry : `org.hibernate.type.NullType@16d431b4`
2024-01-20T11:18:25.759+05:30 DEBUG 15476 --- [           main] org.hibernate.type.BasicTypeRegistry     : Adding type registration org.hibernate.type.OffsetDateTimeType -> basicType@1(java.time.OffsetDateTime,3003)
2024-01-20T11:18:25.759+05:30 DEBUG 15476 --- [           main] org.hibernate.type.BasicTypeRegistry     : Adding type registration OffsetDateTime -> basicType@1(java.time.OffsetDateTime,3003)
2024-01-20T11:18:25.759+05:30 DEBUG 15476 --- [           main] org.hibernate.type.BasicTypeRegistry     : Adding type registration java.time.OffsetDateTime -> basicType@1(java.time.OffsetDateTime,3003)
2024-01-20T11:18:25.759+05:30 DEBUG 15476 --- [           main] org.hibernate.type.BasicTypeRegistry     : Adding type registration org.hibernate.type.ZonedDateTimeType -> basicType@2(java.time.ZonedDateTime,3003)
2024-01-20T11:18:25.759+05:30 DEBUG 15476 --- [           main] org.hibernate.type.BasicTypeRegistry     : Adding type registration ZonedDateTime -> basicType@2(java.time.ZonedDateTime,3003)
2024-01-20T11:18:25.759+05:30 DEBUG 15476 --- [           main] org.hibernate.type.BasicTypeRegistry     : Adding type registration java.time.ZonedDateTime -> basicType@2(java.time.ZonedDateTime,3003)
2024-01-20T11:18:25.760+05:30 DEBUG 15476 --- [           main] org.hibernate.type.BasicTypeRegistry     : Adding type registration org.hibernate.type.OffsetTimeType -> basicType@3(java.time.OffsetTime,3007)
2024-01-20T11:18:25.761+05:30 DEBUG 15476 --- [           main] org.hibernate.type.BasicTypeRegistry     : Adding type registration OffsetTime -> basicType@3(java.time.OffsetTime,3007)
2024-01-20T11:18:25.761+05:30 DEBUG 15476 --- [           main] org.hibernate.type.BasicTypeRegistry     : Adding type registration java.time.OffsetTime -> basicType@3(java.time.OffsetTime,3007)
2024-01-20T11:18:25.765+05:30 DEBUG 15476 --- [           main] o.h.type.spi.TypeConfiguration$Scope     : Scoping TypeConfiguration [org.hibernate.type.spi.TypeConfiguration@793d09e] to MetadataBuildingContext [org.hibernate.boot.internal.MetadataBuildingContextRootImpl@68821f6]
2024-01-20T11:18:25.908+05:30  INFO 15476 --- [           main] o.h.b.i.BytecodeProviderInitiator        : HHH000021: Bytecode provider name : bytebuddy
2024-01-20T11:18:26.467+05:30  INFO 15476 --- [           main] o.h.e.t.j.p.i.JtaPlatformInitiator       : HHH000490: Using JtaPlatform implementation: [org.hibernate.engine.transaction.jta.platform.internal.NoJtaPlatform]
2024-01-20T11:18:26.468+05:30 DEBUG 15476 --- [           main] o.h.type.spi.TypeConfiguration$Scope     : Scoping TypeConfiguration [org.hibernate.type.spi.TypeConfiguration@793d09e] to SessionFactoryImplementor [org.hibernate.internal.SessionFactoryImpl@174f0d06]
Hibernate: alter table to_do_list modify column created_date  datetime(6)
Hibernate: alter table to_do_list modify column last_updated_date  datetime(6)
2024-01-20T11:18:31.733+05:30 TRACE 15476 --- [           main] o.h.type.spi.TypeConfiguration$Scope     : Handling #sessionFactoryCreated from [org.hibernate.internal.SessionFactoryImpl@174f0d06] for TypeConfiguration
2024-01-20T11:18:31.733+05:30  INFO 15476 --- [           main] j.LocalContainerEntityManagerFactoryBean : Initialized JPA EntityManagerFactory for persistence unit 'default'
2024-01-20T11:18:32.129+05:30  WARN 15476 --- [           main] JpaBaseConfiguration$JpaWebConfiguration : spring.jpa.open-in-view is enabled by default. Therefore, database queries may be performed during view rendering. Explicitly configure spring.jpa.open-in-view to disable this warning
2024-01-20T11:18:32.253+05:30  INFO 15476 --- [           main] o.s.s.web.DefaultSecurityFilterChain     : Will secure any request with [org.springframework.security.web.session.DisableEncodeUrlFilter@406d922, org.springframework.security.web.session.ForceEagerSessionCreationFilter@56017274, org.springframework.security.web.session.ForceEagerSessionCreationFilter@36017835, org.springframework.security.web.context.request.async.WebAsyncManagerIntegrationFilter@2bf0bb93, org.springframework.security.web.context.SecurityContextPersistenceFilter@7207f3c2, org.springframework.security.web.header.HeaderWriterFilter@79a92277, org.springframework.web.filter.CorsFilter@23adbd6b, org.springframework.security.web.csrf.CsrfFilter@3d8b9dee, org.springframework.security.web.authentication.logout.LogoutFilter@14091e24, org.springframework.security.web.authentication.UsernamePasswordAuthenticationFilter@402d76c7, org.springframework.security.web.authentication.ui.DefaultLoginPageGeneratingFilter@55465bfc, org.springframework.security.web.authentication.ui.DefaultLogoutPageGeneratingFilter@11d0bff5, org.springframework.security.web.authentication.www.BasicAuthenticationFilter@57a0aeb8, app.ToDoApp.filter.CsrfCookieFilter@4c1fed69, org.springframework.security.web.savedrequest.RequestCacheAwareFilter@57063e08, org.springframework.security.web.servletapi.SecurityContextHolderAwareRequestFilter@1f05d08c, org.springframework.security.web.authentication.AnonymousAuthenticationFilter@629dfb5a, org.springframework.security.web.session.SessionManagementFilter@e98adb2, org.springframework.security.web.access.ExceptionTranslationFilter@2fcad739, org.springframework.security.web.access.intercept.AuthorizationFilter@52a9db63]
2024-01-20T11:18:32.676+05:30  INFO 15476 --- [           main] app.ToDoApp.ToDoAppApplicationTests      : Started ToDoAppApplicationTests in 12.151 seconds (process running for 13.114)
]]></system-out>
  </testcase>
</testsuite>